{"/home/host/products/vsconnect/src/app/infrastructure/repositories/UsbDeviceEndpointBrokerRepository.ts": {"path":"/home/host/products/vsconnect/src/app/infrastructure/repositories/UsbDeviceEndpointBrokerRepository.ts","statementMap":{"0":{"start":{"line":1,"column":0},"end":{"line":1,"column":38}},"1":{"start":{"line":4,"column":0},"end":{"line":4,"column":null}},"2":{"start":{"line":44,"column":4},"end":{"line":44,"column":14}},"3":{"start":{"line":50,"column":2},"end":{"line":52,"column":4}},"4":{"start":{"line":51,"column":4},"end":{"line":51,"column":50}},"5":{"start":{"line":53,"column":2},"end":{"line":66,"column":4}},"6":{"start":{"line":54,"column":4},"end":{"line":63,"column":7}},"7":{"start":{"line":55,"column":6},"end":{"line":55,"column":41}},"8":{"start":{"line":56,"column":6},"end":{"line":62,"column":9}},"9":{"start":{"line":57,"column":8},"end":{"line":57,"column":54}},"10":{"start":{"line":58,"column":8},"end":{"line":61,"column":11}},"11":{"start":{"line":64,"column":4},"end":{"line":64,"column":25}},"12":{"start":{"line":65,"column":4},"end":{"line":65,"column":29}},"13":{"start":{"line":45,"column":4},"end":{"line":48,"column":16}},"14":{"start":{"line":38,"column":0},"end":{"line":38,"column":13}}},"fnMap":{"0":{"name":"(anonymous_0)","decl":{"start":{"line":43,"column":2},"end":{"line":43,"column":null}},"loc":{"start":{"line":43,"column":2},"end":{"line":49,"column":3}}},"1":{"name":"(anonymous_1)","decl":{"start":{"line":50,"column":9},"end":{"line":50,"column":10}},"loc":{"start":{"line":50,"column":30},"end":{"line":52,"column":3}}},"2":{"name":"(anonymous_2)","decl":{"start":{"line":53,"column":11},"end":{"line":53,"column":12}},"loc":{"start":{"line":53,"column":30},"end":{"line":66,"column":3}}},"3":{"name":"(anonymous_3)","decl":{"start":{"line":54,"column":30},"end":{"line":54,"column":31}},"loc":{"start":{"line":54,"column":44},"end":{"line":63,"column":5}}},"4":{"name":"(anonymous_4)","decl":{"start":{"line":56,"column":36},"end":{"line":56,"column":37}},"loc":{"start":{"line":56,"column":68},"end":{"line":62,"column":7}}}},"branchMap":{},"s":{"0":1,"1":1,"2":3,"3":3,"4":3,"5":3,"6":2,"7":2,"8":2,"9":2,"10":2,"11":2,"12":2,"13":3,"14":1},"f":{"0":3,"1":3,"2":2,"3":2,"4":2},"b":{}}
,"/home/host/products/vsconnect/src/app/infrastructure/repositories/UsbDeviceInformationRepository.ts": {"path":"/home/host/products/vsconnect/src/app/infrastructure/repositories/UsbDeviceInformationRepository.ts","statementMap":{"0":{"start":{"line":3,"column":0},"end":{"line":3,"column":87}},"1":{"start":{"line":26,"column":2},"end":{"line":47,"column":4}},"2":{"start":{"line":27,"column":25},"end":{"line":29,"column":null}},"3":{"start":{"line":31,"column":20},"end":{"line":33,"column":null}},"4":{"start":{"line":35,"column":19},"end":{"line":37,"column":null}},"5":{"start":{"line":39,"column":18},"end":{"line":39,"column":56}},"6":{"start":{"line":40,"column":19},"end":{"line":45,"column":36}},"7":{"start":{"line":46,"column":4},"end":{"line":46,"column":18}},"8":{"start":{"line":48,"column":2},"end":{"line":51,"column":6}},"9":{"start":{"line":49,"column":4},"end":{"line":50,"column":null}},"10":{"start":{"line":52,"column":10},"end":{"line":71,"column":7}},"11":{"start":{"line":56,"column":4},"end":{"line":71,"column":6}},"12":{"start":{"line":57,"column":6},"end":{"line":70,"column":8}},"13":{"start":{"line":60,"column":10},"end":{"line":63,"column":null}},"14":{"start":{"line":61,"column":12},"end":{"line":61,"column":58}},"15":{"start":{"line":62,"column":12},"end":{"line":62,"column":31}},"16":{"start":{"line":64,"column":10},"end":{"line":67,"column":null}},"17":{"start":{"line":65,"column":12},"end":{"line":65,"column":61}},"18":{"start":{"line":66,"column":12},"end":{"line":66,"column":31}},"19":{"start":{"line":68,"column":10},"end":{"line":68,"column":35}},"20":{"start":{"line":22,"column":0},"end":{"line":22,"column":13}}},"fnMap":{"0":{"name":"(anonymous_0)","decl":{"start":{"line":22,"column":0},"end":{"line":22,"column":13}},"loc":{"start":{"line":22,"column":0},"end":{"line":72,"column":1}}},"1":{"name":"(anonymous_1)","decl":{"start":{"line":26,"column":9},"end":{"line":26,"column":14}},"loc":{"start":{"line":26,"column":36},"end":{"line":47,"column":3}}},"2":{"name":"(anonymous_2)","decl":{"start":{"line":48,"column":11},"end":{"line":48,"column":14}},"loc":{"start":{"line":49,"column":4},"end":{"line":50,"column":null}}},"3":{"name":"(anonymous_3)","decl":{"start":{"line":52,"column":42},"end":{"line":52,"column":null}},"loc":{"start":{"line":56,"column":4},"end":{"line":71,"column":6}}},"4":{"name":"(anonymous_4)","decl":{"start":{"line":56,"column":16},"end":{"line":56,"column":17}},"loc":{"start":{"line":56,"column":36},"end":{"line":71,"column":5}}},"5":{"name":"(anonymous_5)","decl":{"start":{"line":59,"column":8},"end":{"line":59,"column":9}},"loc":{"start":{"line":59,"column":24},"end":{"line":69,"column":9}}}},"branchMap":{"0":{"loc":{"start":{"line":60,"column":10},"end":{"line":63,"column":null}},"type":"if","locations":[{"start":{"line":60,"column":10},"end":{"line":63,"column":null}}]},"1":{"loc":{"start":{"line":64,"column":10},"end":{"line":67,"column":null}},"type":"if","locations":[{"start":{"line":64,"column":10},"end":{"line":67,"column":null}}]}},"s":{"0":1,"1":2,"2":2,"3":2,"4":2,"5":2,"6":2,"7":2,"8":2,"9":0,"10":2,"11":6,"12":6,"13":6,"14":3,"15":3,"16":3,"17":0,"18":0,"19":3,"20":1},"f":{"0":2,"1":2,"2":0,"3":6,"4":6,"5":6},"b":{"0":[3],"1":[0]}}
,"/home/host/products/vsconnect/src/app/infrastructure/repositories/UsbDevicesListRepository.ts": {"path":"/home/host/products/vsconnect/src/app/infrastructure/repositories/UsbDevicesListRepository.ts","statementMap":{"0":{"start":{"line":1,"column":0},"end":{"line":1,"column":53}},"1":{"start":{"line":4,"column":0},"end":{"line":4,"column":87}},"2":{"start":{"line":20,"column":2},"end":{"line":23,"column":4}},"3":{"start":{"line":21,"column":20},"end":{"line":21,"column":45}},"4":{"start":{"line":22,"column":4},"end":{"line":22,"column":36}},"5":{"start":{"line":16,"column":0},"end":{"line":16,"column":13}}},"fnMap":{"0":{"name":"(anonymous_0)","decl":{"start":{"line":16,"column":0},"end":{"line":16,"column":13}},"loc":{"start":{"line":16,"column":0},"end":{"line":24,"column":1}}},"1":{"name":"(anonymous_1)","decl":{"start":{"line":20,"column":9},"end":{"line":20,"column":12}},"loc":{"start":{"line":20,"column":14},"end":{"line":23,"column":3}}}},"branchMap":{},"s":{"0":1,"1":1,"2":1,"3":1,"4":1,"5":1},"f":{"0":1,"1":1},"b":{}}
,"/home/host/products/vsconnect/src/app/infrastructure/repositories/VsCodeCommandByUsbDeviceKeyRepository.ts": {"path":"/home/host/products/vsconnect/src/app/infrastructure/repositories/VsCodeCommandByUsbDeviceKeyRepository.ts","statementMap":{"0":{"start":{"line":2,"column":0},"end":{"line":2,"column":null}},"1":{"start":{"line":45,"column":4},"end":{"line":45,"column":24}},"2":{"start":{"line":48,"column":2},"end":{"line":55,"column":4}},"3":{"start":{"line":49,"column":16},"end":{"line":51,"column":null}},"4":{"start":{"line":53,"column":19},"end":{"line":53,"column":75}},"5":{"start":{"line":54,"column":4},"end":{"line":54,"column":35}},"6":{"start":{"line":56,"column":2},"end":{"line":62,"column":4}},"7":{"start":{"line":57,"column":17},"end":{"line":57,"column":61}},"8":{"start":{"line":58,"column":27},"end":{"line":59,"column":null}},"9":{"start":{"line":59,"column":15},"end":{"line":59,"column":71}},"10":{"start":{"line":61,"column":4},"end":{"line":61,"column":43}},"11":{"start":{"line":63,"column":2},"end":{"line":69,"column":4}},"12":{"start":{"line":64,"column":17},"end":{"line":64,"column":61}},"13":{"start":{"line":65,"column":4},"end":{"line":67,"column":6}},"14":{"start":{"line":66,"column":6},"end":{"line":66,"column":66}},"15":{"start":{"line":68,"column":4},"end":{"line":68,"column":29}},"16":{"start":{"line":70,"column":2},"end":{"line":86,"column":4}},"17":{"start":{"line":71,"column":31},"end":{"line":71,"column":51}},"18":{"start":{"line":72,"column":31},"end":{"line":73,"column":null}},"19":{"start":{"line":73,"column":19},"end":{"line":73,"column":74}},"20":{"start":{"line":75,"column":4},"end":{"line":75,"column":21}},"21":{"start":{"line":76,"column":4},"end":{"line":85,"column":7}},"22":{"start":{"line":80,"column":18},"end":{"line":82,"column":null}},"23":{"start":{"line":84,"column":6},"end":{"line":84,"column":63}},"24":{"start":{"line":87,"column":2},"end":{"line":100,"column":4}},"25":{"start":{"line":90,"column":16},"end":{"line":92,"column":null}},"26":{"start":{"line":94,"column":4},"end":{"line":98,"column":7}},"27":{"start":{"line":99,"column":4},"end":{"line":99,"column":29}},"28":{"start":{"line":101,"column":10},"end":{"line":110,"column":4}},"29":{"start":{"line":105,"column":27},"end":{"line":105,"column":29}},"30":{"start":{"line":106,"column":4},"end":{"line":108,"column":null}},"31":{"start":{"line":107,"column":6},"end":{"line":107,"column":36}},"32":{"start":{"line":109,"column":4},"end":{"line":109,"column":65}},"33":{"start":{"line":46,"column":4},"end":{"line":46,"column":37}},"34":{"start":{"line":39,"column":0},"end":{"line":39,"column":13}}},"fnMap":{"0":{"name":"(anonymous_0)","decl":{"start":{"line":44,"column":2},"end":{"line":44,"column":14}},"loc":{"start":{"line":44,"column":40},"end":{"line":47,"column":3}}},"1":{"name":"(anonymous_1)","decl":{"start":{"line":48,"column":9},"end":{"line":48,"column":10}},"loc":{"start":{"line":48,"column":30},"end":{"line":55,"column":3}}},"2":{"name":"(anonymous_2)","decl":{"start":{"line":56,"column":12},"end":{"line":56,"column":34}},"loc":{"start":{"line":56,"column":36},"end":{"line":62,"column":3}}},"3":{"name":"(anonymous_3)","decl":{"start":{"line":59,"column":6},"end":{"line":59,"column":7}},"loc":{"start":{"line":59,"column":15},"end":{"line":59,"column":71}}},"4":{"name":"(anonymous_4)","decl":{"start":{"line":63,"column":14},"end":{"line":63,"column":17}},"loc":{"start":{"line":63,"column":19},"end":{"line":69,"column":3}}},"5":{"name":"(anonymous_5)","decl":{"start":{"line":65,"column":17},"end":{"line":65,"column":18}},"loc":{"start":{"line":66,"column":6},"end":{"line":66,"column":66}}},"6":{"name":"(anonymous_6)","decl":{"start":{"line":70,"column":11},"end":{"line":70,"column":16}},"loc":{"start":{"line":70,"column":38},"end":{"line":86,"column":3}}},"7":{"name":"(anonymous_7)","decl":{"start":{"line":73,"column":6},"end":{"line":73,"column":7}},"loc":{"start":{"line":73,"column":19},"end":{"line":73,"column":74}}},"8":{"name":"(anonymous_8)","decl":{"start":{"line":76,"column":31},"end":{"line":76,"column":32}},"loc":{"start":{"line":76,"column":41},"end":{"line":85,"column":5}}},"9":{"name":"(anonymous_9)","decl":{"start":{"line":87,"column":11},"end":{"line":87,"column":12}},"loc":{"start":{"line":87,"column":30},"end":{"line":100,"column":3}}},"10":{"name":"(anonymous_10)","decl":{"start":{"line":101,"column":26},"end":{"line":101,"column":null}},"loc":{"start":{"line":104,"column":14},"end":{"line":110,"column":3}}}},"branchMap":{},"s":{"0":1,"1":4,"2":4,"3":1,"4":1,"5":1,"6":4,"7":2,"8":2,"9":4,"10":2,"11":4,"12":2,"13":2,"14":4,"15":2,"16":4,"17":1,"18":1,"19":2,"20":1,"21":1,"22":2,"23":2,"24":4,"25":0,"26":0,"27":0,"28":4,"29":3,"30":3,"31":12,"32":3,"33":4,"34":1},"f":{"0":4,"1":1,"2":2,"3":4,"4":2,"5":4,"6":1,"7":2,"8":2,"9":0,"10":3},"b":{}}
,"/home/host/products/vsconnect/src/dsl/architecture/onion/infrastructure/Repository.ts": {"path":"/home/host/products/vsconnect/src/dsl/architecture/onion/infrastructure/Repository.ts","statementMap":{"0":{"start":{"line":10,"column":4},"end":{"line":10,"column":37}},"1":{"start":{"line":3,"column":0},"end":{"line":3,"column":22}}},"fnMap":{"0":{"name":"(anonymous_0)","decl":{"start":{"line":9,"column":2},"end":{"line":9,"column":14}},"loc":{"start":{"line":9,"column":29},"end":{"line":11,"column":3}}}},"branchMap":{},"s":{"0":10,"1":4},"f":{"0":10},"b":{}}
}
