TN:
SF:src/app/infrastructure/repositories/UsbDeviceEndpointBrokerRepository.ts
FN:43,(anonymous_0)
FN:50,(anonymous_1)
FN:53,(anonymous_2)
FN:54,(anonymous_3)
FN:56,(anonymous_4)
FNF:5
FNH:5
FNDA:3,(anonymous_0)
FNDA:3,(anonymous_1)
FNDA:2,(anonymous_2)
FNDA:2,(anonymous_3)
FNDA:2,(anonymous_4)
DA:1,1
DA:4,1
DA:38,1
DA:44,3
DA:45,3
DA:50,3
DA:51,3
DA:53,3
DA:54,2
DA:55,2
DA:56,2
DA:57,2
DA:58,2
DA:64,2
DA:65,2
LF:15
LH:15
BRF:0
BRH:0
end_of_record
TN:
SF:src/app/infrastructure/repositories/UsbDeviceInformationRepository.ts
FN:22,(anonymous_0)
FN:26,(anonymous_1)
FN:48,(anonymous_2)
FN:52,(anonymous_3)
FN:56,(anonymous_4)
FN:59,(anonymous_5)
FNF:6
FNH:5
FNDA:2,(anonymous_0)
FNDA:2,(anonymous_1)
FNDA:0,(anonymous_2)
FNDA:6,(anonymous_3)
FNDA:6,(anonymous_4)
FNDA:6,(anonymous_5)
DA:3,1
DA:22,1
DA:26,2
DA:27,2
DA:31,2
DA:35,2
DA:39,2
DA:40,2
DA:46,2
DA:48,2
DA:49,0
DA:52,2
DA:56,6
DA:57,6
DA:60,6
DA:61,3
DA:62,3
DA:64,3
DA:65,0
DA:66,0
DA:68,3
LF:21
LH:18
BRDA:60,0,0,3
BRDA:64,1,0,0
BRF:2
BRH:1
end_of_record
TN:
SF:src/app/infrastructure/repositories/UsbDevicesListRepository.ts
FN:16,(anonymous_0)
FN:20,(anonymous_1)
FNF:2
FNH:2
FNDA:1,(anonymous_0)
FNDA:1,(anonymous_1)
DA:1,1
DA:4,1
DA:16,1
DA:20,1
DA:21,1
DA:22,1
LF:6
LH:6
BRF:0
BRH:0
end_of_record
TN:
SF:src/app/infrastructure/repositories/VsCodeCommandByUsbDeviceKeyRepository.ts
FN:44,(anonymous_0)
FN:48,(anonymous_1)
FN:56,(anonymous_2)
FN:59,(anonymous_3)
FN:63,(anonymous_4)
FN:65,(anonymous_5)
FN:70,(anonymous_6)
FN:73,(anonymous_7)
FN:76,(anonymous_8)
FN:87,(anonymous_9)
FN:101,(anonymous_10)
FNF:11
FNH:10
FNDA:4,(anonymous_0)
FNDA:1,(anonymous_1)
FNDA:2,(anonymous_2)
FNDA:4,(anonymous_3)
FNDA:2,(anonymous_4)
FNDA:4,(anonymous_5)
FNDA:1,(anonymous_6)
FNDA:2,(anonymous_7)
FNDA:2,(anonymous_8)
FNDA:0,(anonymous_9)
FNDA:3,(anonymous_10)
DA:2,1
DA:39,1
DA:45,4
DA:46,4
DA:48,4
DA:49,1
DA:53,1
DA:54,1
DA:56,4
DA:57,2
DA:58,2
DA:59,4
DA:61,2
DA:63,4
DA:64,2
DA:65,2
DA:66,4
DA:68,2
DA:70,4
DA:71,1
DA:72,1
DA:73,2
DA:75,1
DA:76,1
DA:80,2
DA:84,2
DA:87,4
DA:90,0
DA:94,0
DA:99,0
DA:101,4
DA:105,3
DA:106,3
DA:107,12
DA:109,3
LF:35
LH:32
BRF:0
BRH:0
end_of_record
TN:
SF:src/dsl/architecture/onion/infrastructure/Repository.ts
FN:9,(anonymous_0)
FNF:1
FNH:1
FNDA:10,(anonymous_0)
DA:3,4
DA:10,10
LF:2
LH:2
BRF:0
BRH:0
end_of_record
